<?xml version="1.0" encoding="UTF-8"?>
<TestRun id="05351898-78d0-44e9-97d6-324d51b066b0" name="Dermot@DERMOT-PC 2012-07-27 16:19:08" runUser="Dermot-PC\Dermot" xmlns="http://microsoft.com/schemas/VisualStudio/TeamTest/2010">
  <TestSettings name="Local" id="0f5dff7c-649d-4a55-a4b7-bda43cafb47a">
    <Description>These are default test settings for a local test run.</Description>
    <Deployment enabled="false" runDeploymentRoot="Dermot_DERMOT-PC 2012-07-27 16_19_08">
      <DeploymentItem filename="D:\NCI\BookEasy\bin\LumenWorks.Framework.IO.dll" />
      <DeploymentItem filename="D:\NCI\BookEasy\bin\MvcApplication8.dll" />
      <DeploymentItem filename="D:\NCI\BookEasy\bin\EntityFramework.dll" />
      <DeploymentItem filename="D:\NCI\BookEasy\packages\PagedList.Mvc.3.16\lib\net40\PagedList.Mvc.dll" />
      <DeploymentItem filename="D:\NCI\BookEasy\packages\PagedList.1.14\lib\net40\PagedList.dll" />
    </Deployment>
    <Execution>
      <TestTypeSpecific />
      <AgentRule name="Execution Agents">
      </AgentRule>
    </Execution>
  </TestSettings>
  <Times creation="2012-07-27T16:19:08.2010000+01:00" queuing="2012-07-27T16:19:08.3540000+01:00" start="2012-07-27T16:19:08.8390000+01:00" finish="2012-07-27T16:19:11.7490000+01:00" />
  <ResultSummary outcome="Failed">
    <Counters total="1" executed="1" error="0" failed="1" timeout="0" aborted="0" inconclusive="0" passedButRunAborted="0" notRunnable="0" notExecuted="0" disconnected="0" warning="0" passed="0" completed="0" inProgress="0" pending="0" />
  </ResultSummary>
  <TestDefinitions>
    <UnitTest name="updateOwnerDbTest" storage="d:\nci\bookeasy\project tests\bin\debug\project tests.dll" id="9f51a3f1-5852-a0fe-32b6-dd0b3cc321f1">
      <Execution id="1ec652d5-db8f-4333-aaef-9ced2cbc4791" />
      <TestMethod codeBase="D:/NCI/BookEasy/Project Tests/bin/Debug/Project Tests.DLL" adapterTypeName="Microsoft.VisualStudio.TestTools.TestTypes.Unit.UnitTestAdapter, Microsoft.VisualStudio.QualityTools.Tips.UnitTest.Adapter, Version=10.0.0.0, Culture=neutral, PublicKeyToken=b03f5f7f11d50a3a" className="Project_Tests.OwnerDALTest, Project Tests, Version=1.0.0.0, Culture=neutral, PublicKeyToken=null" name="updateOwnerDbTest" />
    </UnitTest>
  </TestDefinitions>
  <TestLists>
    <TestList name="Results Not in a List" id="8c84fa94-04c1-424b-9868-57a2d4851a1d" />
    <TestList name="All Loaded Results" id="19431567-8539-422a-85d7-44ee4e166bda" />
  </TestLists>
  <TestEntries>
    <TestEntry testId="9f51a3f1-5852-a0fe-32b6-dd0b3cc321f1" executionId="1ec652d5-db8f-4333-aaef-9ced2cbc4791" testListId="8c84fa94-04c1-424b-9868-57a2d4851a1d" />
  </TestEntries>
  <Results>
    <UnitTestResult executionId="1ec652d5-db8f-4333-aaef-9ced2cbc4791" testId="9f51a3f1-5852-a0fe-32b6-dd0b3cc321f1" testName="updateOwnerDbTest" computerName="DERMOT-PC" duration="00:00:01.8532497" startTime="2012-07-27T16:19:09.1570000+01:00" endTime="2012-07-27T16:19:11.4330000+01:00" testType="13cdc9d9-ddb5-4fa4-a97d-d965ccfc6d4b" outcome="Failed" testListId="8c84fa94-04c1-424b-9868-57a2d4851a1d" relativeResultsDirectory="1ec652d5-db8f-4333-aaef-9ced2cbc4791">
      <Output>
        <ErrorInfo>
          <Message>Test method Project_Tests.OwnerDALTest.updateOwnerDbTest threw exception: 
System.InvalidOperationException: The model backing the 'PropertyContext' context has changed since the database was created. Either manually delete/update the database, or call Database.SetInitializer with an IDatabaseInitializer instance. For example, the DropCreateDatabaseIfModelChanges strategy will automatically delete and recreate the database, and optionally seed it with new data.</Message>
          <StackTrace>    at System.Data.Entity.CreateDatabaseIfNotExists`1.InitializeDatabase(TContext context)
   at System.Data.Entity.Internal.InternalContext.&lt;&gt;c__DisplayClass5.&lt;PerformDatabaseInitialization&gt;b__3()
   at System.Data.Entity.Internal.InternalContext.PerformInitializationAction(Action action)
   at System.Data.Entity.Internal.InternalContext.PerformDatabaseInitialization()
   at System.Data.Entity.Internal.LazyInternalContext.&lt;InitializeDatabase&gt;b__4(InternalContext c)
   at System.Data.Entity.Internal.RetryAction`1.PerformAction(TInput input)
   at System.Data.Entity.Internal.LazyInternalContext.InitializeDatabaseAction(Action`1 action)
   at System.Data.Entity.Internal.LazyInternalContext.InitializeDatabase()
   at System.Data.Entity.Internal.LazyInternalContext.get_ObjectContext()
   at System.Data.Entity.Internal.InternalContext.DetectChanges(Boolean force)
   at System.Data.Entity.Internal.InternalContext.GetStateEntry(Object entity)
   at System.Data.Entity.Internal.InternalEntityEntry..ctor(InternalContext internalContext, Object entity)
   at System.Data.Entity.DbContext.Entry[TEntity](TEntity entity)
   at BookEasy.DAL.OwnerDAL.updateOwnerDb(Owner own) in D:\NCI\BookEasy\DAL\OwnerDAL.cs:line 22
   at Project_Tests.OwnerDALTest.updateOwnerDbTest() in D:\NCI\BookEasy\Project Tests\OwnerDALTest.cs:line 77
</StackTrace>
        </ErrorInfo>
      </Output>
    </UnitTestResult>
  </Results>
</TestRun>