<?xml version="1.0" encoding="UTF-8"?>
<TestRun id="29153192-d56e-486f-81a6-db3edbc47ca1" name="Dermot@DERMOT-PC 2012-07-27 16:04:35" runUser="Dermot-PC\Dermot" xmlns="http://microsoft.com/schemas/VisualStudio/TeamTest/2010">
  <TestSettings name="Local" id="0f5dff7c-649d-4a55-a4b7-bda43cafb47a">
    <Description>These are default test settings for a local test run.</Description>
    <Deployment enabled="false" runDeploymentRoot="Dermot_DERMOT-PC 2012-07-27 16_04_35">
      <DeploymentItem filename="D:\NCI\BookEasy\bin\LumenWorks.Framework.IO.dll" />
      <DeploymentItem filename="D:\NCI\BookEasy\bin\MvcApplication8.dll" />
      <DeploymentItem filename="D:\NCI\BookEasy\bin\EntityFramework.dll" />
      <DeploymentItem filename="D:\NCI\BookEasy\packages\PagedList.Mvc.3.16\lib\net40\PagedList.Mvc.dll" />
      <DeploymentItem filename="D:\NCI\BookEasy\packages\PagedList.1.14\lib\net40\PagedList.dll" />
    </Deployment>
    <Execution>
      <TestTypeSpecific />
      <AgentRule name="Execution Agents">
      </AgentRule>
    </Execution>
  </TestSettings>
  <Times creation="2012-07-27T16:04:35.3660000+01:00" queuing="2012-07-27T16:04:35.4890000+01:00" start="2012-07-27T16:04:36.0690000+01:00" finish="2012-07-27T16:05:00.2260000+01:00" />
  <ResultSummary outcome="Failed">
    <Counters total="1" executed="1" error="0" failed="1" timeout="0" aborted="0" inconclusive="0" passedButRunAborted="0" notRunnable="0" notExecuted="0" disconnected="0" warning="0" passed="0" completed="0" inProgress="0" pending="0" />
  </ResultSummary>
  <TestDefinitions>
    <UnitTest name="addOwnerDbTest" storage="d:\nci\bookeasy\project tests\bin\debug\project tests.dll" id="f246b8fe-f22a-898d-a6e5-80aa639ea581">
      <Execution id="6819c2d4-04b3-4227-801f-39285e0602e1" />
      <TestMethod codeBase="D:/NCI/BookEasy/Project Tests/bin/Debug/Project Tests.DLL" adapterTypeName="Microsoft.VisualStudio.TestTools.TestTypes.Unit.UnitTestAdapter, Microsoft.VisualStudio.QualityTools.Tips.UnitTest.Adapter, Version=10.0.0.0, Culture=neutral, PublicKeyToken=b03f5f7f11d50a3a" className="Project_Tests.OwnerDALTest, Project Tests, Version=1.0.0.0, Culture=neutral, PublicKeyToken=null" name="addOwnerDbTest" />
    </UnitTest>
  </TestDefinitions>
  <TestLists>
    <TestList name="Results Not in a List" id="8c84fa94-04c1-424b-9868-57a2d4851a1d" />
    <TestList name="All Loaded Results" id="19431567-8539-422a-85d7-44ee4e166bda" />
  </TestLists>
  <TestEntries>
    <TestEntry testId="f246b8fe-f22a-898d-a6e5-80aa639ea581" executionId="6819c2d4-04b3-4227-801f-39285e0602e1" testListId="8c84fa94-04c1-424b-9868-57a2d4851a1d" />
  </TestEntries>
  <Results>
    <UnitTestResult executionId="6819c2d4-04b3-4227-801f-39285e0602e1" testId="f246b8fe-f22a-898d-a6e5-80aa639ea581" testName="addOwnerDbTest" computerName="DERMOT-PC" duration="00:00:21.2798507" startTime="2012-07-27T16:04:36.3450000+01:00" endTime="2012-07-27T16:04:58.4240000+01:00" testType="13cdc9d9-ddb5-4fa4-a97d-d965ccfc6d4b" outcome="Failed" testListId="8c84fa94-04c1-424b-9868-57a2d4851a1d" relativeResultsDirectory="6819c2d4-04b3-4227-801f-39285e0602e1">
      <Output>
        <ErrorInfo>
          <Message>Assert.AreEqual failed. Expected:&lt;True&gt;. Actual:&lt;False&gt;. </Message>
          <StackTrace>   at Project_Tests.OwnerDALTest.addOwnerDbTest() in D:\NCI\BookEasy\Project Tests\OwnerDALTest.cs:line 113
</StackTrace>
        </ErrorInfo>
      </Output>
    </UnitTestResult>
  </Results>
</TestRun>