<?xml version="1.0" encoding="UTF-8"?>
<TestRun id="3be64e53-1165-4c82-82b9-f1dea4a1b683" name="Dermot@DERMOT-PC 2012-07-26 22:00:11" runUser="Dermot-PC\Dermot" xmlns="http://microsoft.com/schemas/VisualStudio/TeamTest/2010">
  <TestSettings name="Local" id="0f5dff7c-649d-4a55-a4b7-bda43cafb47a">
    <Description>These are default test settings for a local test run.</Description>
    <Deployment enabled="false" runDeploymentRoot="Dermot_DERMOT-PC 2012-07-26 22_00_11">
      <DeploymentItem filename="D:\NCI\BookEasy\bin\LumenWorks.Framework.IO.dll" />
      <DeploymentItem filename="D:\NCI\BookEasy\bin\MvcApplication8.dll" />
      <DeploymentItem filename="D:\NCI\BookEasy\bin\EntityFramework.dll" />
    </Deployment>
    <Execution>
      <TestTypeSpecific />
      <AgentRule name="Execution Agents">
      </AgentRule>
    </Execution>
  </TestSettings>
  <Times creation="2012-07-26T22:00:11.0595210+01:00" queuing="2012-07-26T22:00:11.1235210+01:00" start="2012-07-26T22:00:12.2685210+01:00" finish="2012-07-26T22:00:12.8005210+01:00" />
  <ResultSummary outcome="Failed">
    <Counters total="4" executed="4" passed="3" error="0" failed="1" timeout="0" aborted="0" inconclusive="0" passedButRunAborted="0" notRunnable="0" notExecuted="0" disconnected="0" warning="0" completed="0" inProgress="0" pending="0" />
  </ResultSummary>
  <TestDefinitions>
    <UnitTest name="parseOwnersTest" storage="d:\nci\bookeasy\project tests\bin\debug\project tests.dll" id="78164f1c-d15c-40dc-5423-4041bda3ec3d">
      <Execution id="bac7edb4-ab34-4daa-ab6c-4429cf444671" />
      <TestMethod codeBase="D:/NCI/BookEasy/Project Tests/bin/Debug/Project Tests.DLL" adapterTypeName="Microsoft.VisualStudio.TestTools.TestTypes.Unit.UnitTestAdapter, Microsoft.VisualStudio.QualityTools.Tips.UnitTest.Adapter, Version=10.0.0.0, Culture=neutral, PublicKeyToken=b03f5f7f11d50a3a" className="Project_Tests.CSVParserTest, Project Tests, Version=1.0.0.0, Culture=neutral, PublicKeyToken=null" name="parseOwnersTest" />
    </UnitTest>
    <UnitTest name="supportsTypeTest" storage="d:\nci\bookeasy\project tests\bin\debug\project tests.dll" id="309a9889-cabf-9b96-9d8f-73397dabb942">
      <Execution id="9057f2d4-49a7-4d0a-ab53-f8feebdaa032" />
      <TestMethod codeBase="D:/NCI/BookEasy/Project Tests/bin/Debug/Project Tests.DLL" adapterTypeName="Microsoft.VisualStudio.TestTools.TestTypes.Unit.UnitTestAdapter, Microsoft.VisualStudio.QualityTools.Tips.UnitTest.Adapter, Version=10.0.0.0, Culture=neutral, PublicKeyToken=b03f5f7f11d50a3a" className="Project_Tests.CSVParserTest, Project Tests, Version=1.0.0.0, Culture=neutral, PublicKeyToken=null" name="supportsTypeTest" />
    </UnitTest>
    <UnitTest name="GetHolidayhomesTest" storage="d:\nci\bookeasy\project tests\bin\debug\project tests.dll" id="b60750c9-a898-a9d0-0503-bff894f27117">
      <Execution id="67062401-ae05-4c4b-9097-3c3c6c5c81eb" />
      <TestMethod codeBase="D:/NCI/BookEasy/Project Tests/bin/Debug/Project Tests.DLL" adapterTypeName="Microsoft.VisualStudio.TestTools.TestTypes.Unit.UnitTestAdapter, Microsoft.VisualStudio.QualityTools.Tips.UnitTest.Adapter, Version=10.0.0.0, Culture=neutral, PublicKeyToken=b03f5f7f11d50a3a" className="Project_Tests.IHolidayhomeRepositoryTest, Project Tests, Version=1.0.0.0, Culture=neutral, PublicKeyToken=null" name="GetHolidayhomesTest" />
    </UnitTest>
    <UnitTest name="parseHolidayhomesTest1" storage="d:\nci\bookeasy\project tests\bin\debug\project tests.dll" id="eca86a0c-b3cb-e1f0-535c-defcb924e01e">
      <Execution id="cc2eaced-261e-48b4-a158-b92135bb0a14" />
      <TestMethod codeBase="D:/NCI/BookEasy/Project Tests/bin/Debug/Project Tests.DLL" adapterTypeName="Microsoft.VisualStudio.TestTools.TestTypes.Unit.UnitTestAdapter, Microsoft.VisualStudio.QualityTools.Tips.UnitTest.Adapter, Version=10.0.0.0, Culture=neutral, PublicKeyToken=b03f5f7f11d50a3a" className="Project_Tests.CSVParserTest, Project Tests, Version=1.0.0.0, Culture=neutral, PublicKeyToken=null" name="parseHolidayhomesTest1" />
    </UnitTest>
  </TestDefinitions>
  <TestLists>
    <TestList name="Results Not in a List" id="8c84fa94-04c1-424b-9868-57a2d4851a1d" />
    <TestList name="All Loaded Results" id="19431567-8539-422a-85d7-44ee4e166bda" />
  </TestLists>
  <TestEntries>
    <TestEntry testId="309a9889-cabf-9b96-9d8f-73397dabb942" executionId="9057f2d4-49a7-4d0a-ab53-f8feebdaa032" testListId="8c84fa94-04c1-424b-9868-57a2d4851a1d" />
    <TestEntry testId="78164f1c-d15c-40dc-5423-4041bda3ec3d" executionId="bac7edb4-ab34-4daa-ab6c-4429cf444671" testListId="8c84fa94-04c1-424b-9868-57a2d4851a1d" />
    <TestEntry testId="b60750c9-a898-a9d0-0503-bff894f27117" executionId="67062401-ae05-4c4b-9097-3c3c6c5c81eb" testListId="8c84fa94-04c1-424b-9868-57a2d4851a1d" />
    <TestEntry testId="eca86a0c-b3cb-e1f0-535c-defcb924e01e" executionId="cc2eaced-261e-48b4-a158-b92135bb0a14" testListId="8c84fa94-04c1-424b-9868-57a2d4851a1d" />
  </TestEntries>
  <Results>
    <UnitTestResult executionId="9057f2d4-49a7-4d0a-ab53-f8feebdaa032" testId="309a9889-cabf-9b96-9d8f-73397dabb942" testName="supportsTypeTest" computerName="DERMOT-PC" duration="00:00:00.0269677" startTime="2012-07-26T22:00:11.6405210+01:00" endTime="2012-07-26T22:00:12.1665210+01:00" testType="13cdc9d9-ddb5-4fa4-a97d-d965ccfc6d4b" outcome="Passed" testListId="8c84fa94-04c1-424b-9868-57a2d4851a1d" relativeResultsDirectory="9057f2d4-49a7-4d0a-ab53-f8feebdaa032">
    </UnitTestResult>
    <UnitTestResult executionId="bac7edb4-ab34-4daa-ab6c-4429cf444671" testId="78164f1c-d15c-40dc-5423-4041bda3ec3d" testName="parseOwnersTest" computerName="DERMOT-PC" duration="00:00:00.0238401" startTime="2012-07-26T22:00:12.4035210+01:00" endTime="2012-07-26T22:00:12.4375210+01:00" testType="13cdc9d9-ddb5-4fa4-a97d-d965ccfc6d4b" outcome="Passed" testListId="8c84fa94-04c1-424b-9868-57a2d4851a1d" relativeResultsDirectory="bac7edb4-ab34-4daa-ab6c-4429cf444671">
    </UnitTestResult>
    <UnitTestResult executionId="67062401-ae05-4c4b-9097-3c3c6c5c81eb" testId="b60750c9-a898-a9d0-0503-bff894f27117" testName="GetHolidayhomesTest" computerName="DERMOT-PC" duration="00:00:00.0305179" startTime="2012-07-26T22:00:12.4525210+01:00" endTime="2012-07-26T22:00:12.4925210+01:00" testType="13cdc9d9-ddb5-4fa4-a97d-d965ccfc6d4b" outcome="Failed" testListId="8c84fa94-04c1-424b-9868-57a2d4851a1d" relativeResultsDirectory="67062401-ae05-4c4b-9097-3c3c6c5c81eb">
      <Output>
        <ErrorInfo>
          <Message>Test method Project_Tests.IHolidayhomeRepositoryTest.GetHolidayhomesTest threw exception: 
System.NullReferenceException: Object reference not set to an instance of an object.</Message>
          <StackTrace>    at Project_Tests.IHolidayhomeRepositoryTest.GetHolidayhomesTest() in D:\NCI\BookEasy\Project Tests\IHolidayhomeRepositoryTest.cs:line 90
</StackTrace>
        </ErrorInfo>
      </Output>
    </UnitTestResult>
    <UnitTestResult executionId="cc2eaced-261e-48b4-a158-b92135bb0a14" testId="eca86a0c-b3cb-e1f0-535c-defcb924e01e" testName="parseHolidayhomesTest1" computerName="DERMOT-PC" duration="00:00:00.0262133" startTime="2012-07-26T22:00:12.4995210+01:00" endTime="2012-07-26T22:00:12.5345210+01:00" testType="13cdc9d9-ddb5-4fa4-a97d-d965ccfc6d4b" outcome="Passed" testListId="8c84fa94-04c1-424b-9868-57a2d4851a1d" relativeResultsDirectory="cc2eaced-261e-48b4-a158-b92135bb0a14">
    </UnitTestResult>
  </Results>
</TestRun>