<?xml version="1.0" encoding="UTF-8"?>
<TestRun id="12b6a5cc-9c42-44e2-b47b-7de661b939db" name="Dermot@DERMOT-PC 2012-07-26 23:06:33" runUser="Dermot-PC\Dermot" xmlns="http://microsoft.com/schemas/VisualStudio/TeamTest/2010">
  <TestSettings name="Local" id="0f5dff7c-649d-4a55-a4b7-bda43cafb47a">
    <Description>These are default test settings for a local test run.</Description>
    <Deployment enabled="false" runDeploymentRoot="Dermot_DERMOT-PC 2012-07-26 23_06_33">
      <DeploymentItem filename="D:\NCI\BookEasy\bin\LumenWorks.Framework.IO.dll" />
      <DeploymentItem filename="D:\NCI\BookEasy\bin\MvcApplication8.dll" />
      <DeploymentItem filename="D:\NCI\BookEasy\bin\EntityFramework.dll" />
    </Deployment>
    <Execution>
      <TestTypeSpecific />
      <AgentRule name="Execution Agents">
      </AgentRule>
    </Execution>
  </TestSettings>
  <Times creation="2012-07-26T23:06:33.8565210+01:00" queuing="2012-07-26T23:06:34.3845210+01:00" start="2012-07-26T23:06:34.7105210+01:00" finish="2012-07-26T23:06:36.4895210+01:00" />
  <ResultSummary outcome="Completed">
    <Counters total="8" executed="8" passed="8" error="0" failed="0" timeout="0" aborted="0" inconclusive="0" passedButRunAborted="0" notRunnable="0" notExecuted="0" disconnected="0" warning="0" completed="0" inProgress="0" pending="0" />
  </ResultSummary>
  <TestDefinitions>
    <UnitTest name="notsupportsTypeBlankTest" storage="d:\nci\bookeasy\project tests\bin\debug\project tests.dll" id="be9a5232-24ea-9f29-50ce-95f02c6b80b6">
      <Execution id="8fa91b3a-e57b-4407-8264-feaed27a24c0" />
      <TestMethod codeBase="D:/NCI/BookEasy/Project Tests/bin/Debug/Project Tests.DLL" adapterTypeName="Microsoft.VisualStudio.TestTools.TestTypes.Unit.UnitTestAdapter, Microsoft.VisualStudio.QualityTools.Tips.UnitTest.Adapter, Version=10.0.0.0, Culture=neutral, PublicKeyToken=b03f5f7f11d50a3a" className="Project_Tests.CSVParserTest, Project Tests, Version=1.0.0.0, Culture=neutral, PublicKeyToken=null" name="notsupportsTypeBlankTest" />
    </UnitTest>
    <UnitTest name="setStreamSourceHolidayhomeTest" storage="d:\nci\bookeasy\project tests\bin\debug\project tests.dll" id="f999f2f8-6c86-d7f5-ff07-bee95cae1165">
      <Execution id="9a442943-686f-4563-97d7-bd2f99853667" />
      <TestMethod codeBase="D:/NCI/BookEasy/Project Tests/bin/Debug/Project Tests.DLL" adapterTypeName="Microsoft.VisualStudio.TestTools.TestTypes.Unit.UnitTestAdapter, Microsoft.VisualStudio.QualityTools.Tips.UnitTest.Adapter, Version=10.0.0.0, Culture=neutral, PublicKeyToken=b03f5f7f11d50a3a" className="Project_Tests.CSVParserTest, Project Tests, Version=1.0.0.0, Culture=neutral, PublicKeyToken=null" name="setStreamSourceHolidayhomeTest" />
    </UnitTest>
    <UnitTest name="supportsTypeCSVTest" storage="d:\nci\bookeasy\project tests\bin\debug\project tests.dll" id="7703e91f-a58f-bfce-8701-f1e8eccbbb1e">
      <Execution id="2cd2f1fb-c2bd-4464-bac3-b197638e6c22" />
      <TestMethod codeBase="D:/NCI/BookEasy/Project Tests/bin/Debug/Project Tests.DLL" adapterTypeName="Microsoft.VisualStudio.TestTools.TestTypes.Unit.UnitTestAdapter, Microsoft.VisualStudio.QualityTools.Tips.UnitTest.Adapter, Version=10.0.0.0, Culture=neutral, PublicKeyToken=b03f5f7f11d50a3a" className="Project_Tests.CSVParserTest, Project Tests, Version=1.0.0.0, Culture=neutral, PublicKeyToken=null" name="supportsTypeCSVTest" />
    </UnitTest>
    <UnitTest name="parseHolidayhomesTest1" storage="d:\nci\bookeasy\project tests\bin\debug\project tests.dll" id="eca86a0c-b3cb-e1f0-535c-defcb924e01e">
      <Execution id="dd53c25d-9afa-46f7-a303-46a45fe2bcf9" />
      <TestMethod codeBase="D:/NCI/BookEasy/Project Tests/bin/Debug/Project Tests.DLL" adapterTypeName="Microsoft.VisualStudio.TestTools.TestTypes.Unit.UnitTestAdapter, Microsoft.VisualStudio.QualityTools.Tips.UnitTest.Adapter, Version=10.0.0.0, Culture=neutral, PublicKeyToken=b03f5f7f11d50a3a" className="Project_Tests.CSVParserTest, Project Tests, Version=1.0.0.0, Culture=neutral, PublicKeyToken=null" name="parseHolidayhomesTest1" />
    </UnitTest>
    <UnitTest name="setStreamSourceOwnerTest" storage="d:\nci\bookeasy\project tests\bin\debug\project tests.dll" id="a606be8b-3df4-b902-88f2-8409eee14bda">
      <Execution id="41751646-fc6c-49c5-9daa-0772e3d1a3f3" />
      <TestMethod codeBase="D:/NCI/BookEasy/Project Tests/bin/Debug/Project Tests.DLL" adapterTypeName="Microsoft.VisualStudio.TestTools.TestTypes.Unit.UnitTestAdapter, Microsoft.VisualStudio.QualityTools.Tips.UnitTest.Adapter, Version=10.0.0.0, Culture=neutral, PublicKeyToken=b03f5f7f11d50a3a" className="Project_Tests.CSVParserTest, Project Tests, Version=1.0.0.0, Culture=neutral, PublicKeyToken=null" name="setStreamSourceOwnerTest" />
    </UnitTest>
    <UnitTest name="parseOwnersTest" storage="d:\nci\bookeasy\project tests\bin\debug\project tests.dll" id="78164f1c-d15c-40dc-5423-4041bda3ec3d">
      <Execution id="41738af2-262d-475b-a051-05a04222ae9f" />
      <TestMethod codeBase="D:/NCI/BookEasy/Project Tests/bin/Debug/Project Tests.DLL" adapterTypeName="Microsoft.VisualStudio.TestTools.TestTypes.Unit.UnitTestAdapter, Microsoft.VisualStudio.QualityTools.Tips.UnitTest.Adapter, Version=10.0.0.0, Culture=neutral, PublicKeyToken=b03f5f7f11d50a3a" className="Project_Tests.CSVParserTest, Project Tests, Version=1.0.0.0, Culture=neutral, PublicKeyToken=null" name="parseOwnersTest" />
    </UnitTest>
    <UnitTest name="notsupportsTypeXLSTest" storage="d:\nci\bookeasy\project tests\bin\debug\project tests.dll" id="fb09d967-e59d-4548-64b2-52411553597d">
      <Execution id="a0e1d02a-b0e4-4468-87be-68ff6cea4755" />
      <TestMethod codeBase="D:/NCI/BookEasy/Project Tests/bin/Debug/Project Tests.DLL" adapterTypeName="Microsoft.VisualStudio.TestTools.TestTypes.Unit.UnitTestAdapter, Microsoft.VisualStudio.QualityTools.Tips.UnitTest.Adapter, Version=10.0.0.0, Culture=neutral, PublicKeyToken=b03f5f7f11d50a3a" className="Project_Tests.CSVParserTest, Project Tests, Version=1.0.0.0, Culture=neutral, PublicKeyToken=null" name="notsupportsTypeXLSTest" />
    </UnitTest>
    <UnitTest name="notsupportsTypeXLSXTest" storage="d:\nci\bookeasy\project tests\bin\debug\project tests.dll" id="b12fac82-342e-64ef-e372-4a55d64a8432">
      <Execution id="24248fa3-b65f-4ec3-b0f8-9f64f2451193" />
      <TestMethod codeBase="D:/NCI/BookEasy/Project Tests/bin/Debug/Project Tests.DLL" adapterTypeName="Microsoft.VisualStudio.TestTools.TestTypes.Unit.UnitTestAdapter, Microsoft.VisualStudio.QualityTools.Tips.UnitTest.Adapter, Version=10.0.0.0, Culture=neutral, PublicKeyToken=b03f5f7f11d50a3a" className="Project_Tests.CSVParserTest, Project Tests, Version=1.0.0.0, Culture=neutral, PublicKeyToken=null" name="notsupportsTypeXLSXTest" />
    </UnitTest>
  </TestDefinitions>
  <TestLists>
    <TestList name="Results Not in a List" id="8c84fa94-04c1-424b-9868-57a2d4851a1d" />
    <TestList name="All Loaded Results" id="19431567-8539-422a-85d7-44ee4e166bda" />
  </TestLists>
  <TestEntries>
    <TestEntry testId="7703e91f-a58f-bfce-8701-f1e8eccbbb1e" executionId="2cd2f1fb-c2bd-4464-bac3-b197638e6c22" testListId="8c84fa94-04c1-424b-9868-57a2d4851a1d" />
    <TestEntry testId="78164f1c-d15c-40dc-5423-4041bda3ec3d" executionId="41738af2-262d-475b-a051-05a04222ae9f" testListId="8c84fa94-04c1-424b-9868-57a2d4851a1d" />
    <TestEntry testId="a606be8b-3df4-b902-88f2-8409eee14bda" executionId="41751646-fc6c-49c5-9daa-0772e3d1a3f3" testListId="8c84fa94-04c1-424b-9868-57a2d4851a1d" />
    <TestEntry testId="b12fac82-342e-64ef-e372-4a55d64a8432" executionId="24248fa3-b65f-4ec3-b0f8-9f64f2451193" testListId="8c84fa94-04c1-424b-9868-57a2d4851a1d" />
    <TestEntry testId="be9a5232-24ea-9f29-50ce-95f02c6b80b6" executionId="8fa91b3a-e57b-4407-8264-feaed27a24c0" testListId="8c84fa94-04c1-424b-9868-57a2d4851a1d" />
    <TestEntry testId="eca86a0c-b3cb-e1f0-535c-defcb924e01e" executionId="dd53c25d-9afa-46f7-a303-46a45fe2bcf9" testListId="8c84fa94-04c1-424b-9868-57a2d4851a1d" />
    <TestEntry testId="f999f2f8-6c86-d7f5-ff07-bee95cae1165" executionId="9a442943-686f-4563-97d7-bd2f99853667" testListId="8c84fa94-04c1-424b-9868-57a2d4851a1d" />
    <TestEntry testId="fb09d967-e59d-4548-64b2-52411553597d" executionId="a0e1d02a-b0e4-4468-87be-68ff6cea4755" testListId="8c84fa94-04c1-424b-9868-57a2d4851a1d" />
  </TestEntries>
  <Results>
    <UnitTestResult executionId="2cd2f1fb-c2bd-4464-bac3-b197638e6c22" testId="7703e91f-a58f-bfce-8701-f1e8eccbbb1e" testName="supportsTypeCSVTest" computerName="DERMOT-PC" duration="00:00:00.0247732" startTime="2012-07-26T23:06:35.1685210+01:00" endTime="2012-07-26T23:06:35.6535210+01:00" testType="13cdc9d9-ddb5-4fa4-a97d-d965ccfc6d4b" outcome="Passed" testListId="8c84fa94-04c1-424b-9868-57a2d4851a1d" relativeResultsDirectory="2cd2f1fb-c2bd-4464-bac3-b197638e6c22">
    </UnitTestResult>
    <UnitTestResult executionId="41738af2-262d-475b-a051-05a04222ae9f" testId="78164f1c-d15c-40dc-5423-4041bda3ec3d" testName="parseOwnersTest" computerName="DERMOT-PC" duration="00:00:00.0256962" startTime="2012-07-26T23:06:35.6775210+01:00" endTime="2012-07-26T23:06:35.7185210+01:00" testType="13cdc9d9-ddb5-4fa4-a97d-d965ccfc6d4b" outcome="Passed" testListId="8c84fa94-04c1-424b-9868-57a2d4851a1d" relativeResultsDirectory="41738af2-262d-475b-a051-05a04222ae9f">
    </UnitTestResult>
    <UnitTestResult executionId="41751646-fc6c-49c5-9daa-0772e3d1a3f3" testId="a606be8b-3df4-b902-88f2-8409eee14bda" testName="setStreamSourceOwnerTest" computerName="DERMOT-PC" duration="00:00:00.0122604" startTime="2012-07-26T23:06:35.7285210+01:00" endTime="2012-07-26T23:06:35.7555210+01:00" testType="13cdc9d9-ddb5-4fa4-a97d-d965ccfc6d4b" outcome="Passed" testListId="8c84fa94-04c1-424b-9868-57a2d4851a1d" relativeResultsDirectory="41751646-fc6c-49c5-9daa-0772e3d1a3f3">
    </UnitTestResult>
    <UnitTestResult executionId="24248fa3-b65f-4ec3-b0f8-9f64f2451193" testId="b12fac82-342e-64ef-e372-4a55d64a8432" testName="notsupportsTypeXLSXTest" computerName="DERMOT-PC" duration="00:00:00.0067830" startTime="2012-07-26T23:06:35.7635210+01:00" endTime="2012-07-26T23:06:35.7775210+01:00" testType="13cdc9d9-ddb5-4fa4-a97d-d965ccfc6d4b" outcome="Passed" testListId="8c84fa94-04c1-424b-9868-57a2d4851a1d" relativeResultsDirectory="24248fa3-b65f-4ec3-b0f8-9f64f2451193">
    </UnitTestResult>
    <UnitTestResult executionId="8fa91b3a-e57b-4407-8264-feaed27a24c0" testId="be9a5232-24ea-9f29-50ce-95f02c6b80b6" testName="notsupportsTypeBlankTest" computerName="DERMOT-PC" duration="00:00:00.0059698" startTime="2012-07-26T23:06:35.7865210+01:00" endTime="2012-07-26T23:06:35.8005210+01:00" testType="13cdc9d9-ddb5-4fa4-a97d-d965ccfc6d4b" outcome="Passed" testListId="8c84fa94-04c1-424b-9868-57a2d4851a1d" relativeResultsDirectory="8fa91b3a-e57b-4407-8264-feaed27a24c0">
    </UnitTestResult>
    <UnitTestResult executionId="dd53c25d-9afa-46f7-a303-46a45fe2bcf9" testId="eca86a0c-b3cb-e1f0-535c-defcb924e01e" testName="parseHolidayhomesTest1" computerName="DERMOT-PC" duration="00:00:00.0097663" startTime="2012-07-26T23:06:35.8075210+01:00" endTime="2012-07-26T23:06:35.8265210+01:00" testType="13cdc9d9-ddb5-4fa4-a97d-d965ccfc6d4b" outcome="Passed" testListId="8c84fa94-04c1-424b-9868-57a2d4851a1d" relativeResultsDirectory="dd53c25d-9afa-46f7-a303-46a45fe2bcf9">
    </UnitTestResult>
    <UnitTestResult executionId="9a442943-686f-4563-97d7-bd2f99853667" testId="f999f2f8-6c86-d7f5-ff07-bee95cae1165" testName="setStreamSourceHolidayhomeTest" computerName="DERMOT-PC" duration="00:00:00.0063027" startTime="2012-07-26T23:06:35.8345210+01:00" endTime="2012-07-26T23:06:35.8485210+01:00" testType="13cdc9d9-ddb5-4fa4-a97d-d965ccfc6d4b" outcome="Passed" testListId="8c84fa94-04c1-424b-9868-57a2d4851a1d" relativeResultsDirectory="9a442943-686f-4563-97d7-bd2f99853667">
    </UnitTestResult>
    <UnitTestResult executionId="a0e1d02a-b0e4-4468-87be-68ff6cea4755" testId="fb09d967-e59d-4548-64b2-52411553597d" testName="notsupportsTypeXLSTest" computerName="DERMOT-PC" duration="00:00:00.0062305" startTime="2012-07-26T23:06:35.8565210+01:00" endTime="2012-07-26T23:06:35.8715210+01:00" testType="13cdc9d9-ddb5-4fa4-a97d-d965ccfc6d4b" outcome="Passed" testListId="8c84fa94-04c1-424b-9868-57a2d4851a1d" relativeResultsDirectory="a0e1d02a-b0e4-4468-87be-68ff6cea4755">
    </UnitTestResult>
  </Results>
</TestRun>